<?xml version="1.0" encoding="UTF-8"?>
<coverage generated="1759462968123" clover="3.2.0">
  <project timestamp="1759462968124" name="All files">
    <metrics statements="2" coveredstatements="2" conditionals="0" coveredconditionals="0" methods="0" coveredmethods="0" elements="2" coveredelements="2" complexity="0" loc="2" ncloc="2" packages="1" files="1" classes="1"/>
    <file name="db.js" path="C:\Users\HP\Documents\Noveno Semestre\Arqitectura de software\FinBank\backend\src\config\db.js">
      <metrics statements="2" coveredstatements="2" conditionals="0" coveredconditionals="0" methods="0" coveredmethods="0"/>
      <line num="4" count="1" type="stmt"/>
      <line num="6" count="1" type="stmt"/>
    </file>
  </project>
</coverage>
