{"C:\\Users\\HP\\Documents\\Noveno Semestre\\Arqitectura de software\\FinBank\\backend\\src\\services\\accounts\\src\\controllers\\accountControllers.js": {"path":"C:\\Users\\HP\\Documents\\Noveno Semestre\\Arqitectura de software\\FinBank\\backend\\src\\services\\accounts\\src\\controllers\\accountControllers.js","statementMap":{"0":{"start":{"line":4,"column":16},"end":{"line":15,"column":60}},"1":{"start":{"line":16,"column":2},"end":{"line":22,"column":3}},"2":{"start":{"line":17,"column":21},"end":{"line":17,"column":44}},"3":{"start":{"line":18,"column":4},"end":{"line":18,"column":31}},"4":{"start":{"line":20,"column":4},"end":{"line":20,"column":59}},"5":{"start":{"line":21,"column":4},"end":{"line":21,"column":23}},"6":{"start":{"line":27,"column":17},"end":{"line":27,"column":27}},"7":{"start":{"line":28,"column":16},"end":{"line":34,"column":53}},"8":{"start":{"line":35,"column":2},"end":{"line":47,"column":3}},"9":{"start":{"line":36,"column":21},"end":{"line":36,"column":44}},"10":{"start":{"line":37,"column":4},"end":{"line":41,"column":5}},"11":{"start":{"line":38,"column":6},"end":{"line":40,"column":61}},"12":{"start":{"line":43,"column":4},"end":{"line":43,"column":31}},"13":{"start":{"line":45,"column":4},"end":{"line":45,"column":50}},"14":{"start":{"line":46,"column":4},"end":{"line":46,"column":61}}},"fnMap":{"0":{"name":"read","decl":{"start":{"line":3,"column":22},"end":{"line":3,"column":26}},"loc":{"start":{"line":3,"column":37},"end":{"line":23,"column":1}},"line":3},"1":{"name":"getAccountTransactions","decl":{"start":{"line":26,"column":22},"end":{"line":26,"column":44}},"loc":{"start":{"line":26,"column":55},"end":{"line":48,"column":1}},"line":26}},"branchMap":{"0":{"loc":{"start":{"line":37,"column":4},"end":{"line":41,"column":5}},"type":"if","locations":[{"start":{"line":37,"column":4},"end":{"line":41,"column":5}},{"start":{},"end":{}}],"line":37}},"s":{"0":3,"1":3,"2":3,"3":3,"4":0,"5":0,"6":0,"7":0,"8":0,"9":0,"10":0,"11":0,"12":0,"13":0,"14":0},"f":{"0":3,"1":0},"b":{"0":[0,0]},"_coverageSchema":"1a1c01bbd47fc00a2c39e90264f33305004495a9","hash":"dbffb11c229bffb77e69ac9e566d36054a54478d"}
,"C:\\Users\\HP\\Documents\\Noveno Semestre\\Arqitectura de software\\FinBank\\backend\\src\\services\\customers\\src\\controllers\\customerControllers.js": {"path":"C:\\Users\\HP\\Documents\\Noveno Semestre\\Arqitectura de software\\FinBank\\backend\\src\\services\\customers\\src\\controllers\\customerControllers.js","statementMap":{"0":{"start":{"line":5,"column":2},"end":{"line":24,"column":3}},"1":{"start":{"line":6,"column":18},"end":{"line":17,"column":60}},"2":{"start":{"line":19,"column":21},"end":{"line":19,"column":44}},"3":{"start":{"line":20,"column":4},"end":{"line":20,"column":19}},"4":{"start":{"line":22,"column":4},"end":{"line":22,"column":53}},"5":{"start":{"line":23,"column":4},"end":{"line":23,"column":23}},"6":{"start":{"line":29,"column":19},"end":{"line":29,"column":22}},"7":{"start":{"line":30,"column":2},"end":{"line":83,"column":3}},"8":{"start":{"line":32,"column":29},"end":{"line":35,"column":5}},"9":{"start":{"line":37,"column":4},"end":{"line":41,"column":5}},"10":{"start":{"line":38,"column":6},"end":{"line":40,"column":9}},"11":{"start":{"line":44,"column":24},"end":{"line":47,"column":5}},"12":{"start":{"line":49,"column":4},"end":{"line":51,"column":5}},"13":{"start":{"line":50,"column":6},"end":{"line":50,"column":74}},"14":{"start":{"line":53,"column":18},"end":{"line":65,"column":5}},"15":{"start":{"line":66,"column":21},"end":{"line":66,"column":44}},"16":{"start":{"line":69,"column":4},"end":{"line":74,"column":7}},"17":{"start":{"line":76,"column":4},"end":{"line":76,"column":67}},"18":{"start":{"line":78,"column":4},"end":{"line":78,"column":53}},"19":{"start":{"line":79,"column":4},"end":{"line":82,"column":7}},"20":{"start":{"line":88,"column":19},"end":{"line":88,"column":22}},"21":{"start":{"line":90,"column":2},"end":{"line":129,"column":3}},"22":{"start":{"line":91,"column":18},"end":{"line":111,"column":5}},"23":{"start":{"line":112,"column":21},"end":{"line":112,"column":44}},"24":{"start":{"line":115,"column":4},"end":{"line":120,"column":7}},"25":{"start":{"line":122,"column":4},"end":{"line":122,"column":67}},"26":{"start":{"line":124,"column":4},"end":{"line":124,"column":53}},"27":{"start":{"line":125,"column":4},"end":{"line":128,"column":7}}},"fnMap":{"0":{"name":"read","decl":{"start":{"line":4,"column":22},"end":{"line":4,"column":26}},"loc":{"start":{"line":4,"column":37},"end":{"line":25,"column":1}},"line":4},"1":{"name":"createCustomer","decl":{"start":{"line":28,"column":22},"end":{"line":28,"column":36}},"loc":{"start":{"line":28,"column":47},"end":{"line":84,"column":1}},"line":28},"2":{"name":"updateCustomer","decl":{"start":{"line":87,"column":22},"end":{"line":87,"column":36}},"loc":{"start":{"line":87,"column":47},"end":{"line":130,"column":1}},"line":87}},"branchMap":{"0":{"loc":{"start":{"line":37,"column":4},"end":{"line":41,"column":5}},"type":"if","locations":[{"start":{"line":37,"column":4},"end":{"line":41,"column":5}},{"start":{},"end":{}}],"line":37},"1":{"loc":{"start":{"line":49,"column":4},"end":{"line":51,"column":5}},"type":"if","locations":[{"start":{"line":49,"column":4},"end":{"line":51,"column":5}},{"start":{},"end":{}}],"line":49}},"s":{"0":0,"1":0,"2":0,"3":0,"4":0,"5":0,"6":4,"7":4,"8":4,"9":4,"10":1,"11":3,"12":3,"13":0,"14":3,"15":3,"16":3,"17":3,"18":0,"19":0,"20":0,"21":0,"22":0,"23":0,"24":0,"25":0,"26":0,"27":0},"f":{"0":0,"1":4,"2":0},"b":{"0":[1,3],"1":[0,3]},"_coverageSchema":"1a1c01bbd47fc00a2c39e90264f33305004495a9","hash":"43dd9fecb303eb4de21b1d4eef0b7e224c03d752"}
,"C:\\Users\\HP\\Documents\\Noveno Semestre\\Arqitectura de software\\FinBank\\backend\\src\\services\\interactions\\src\\controllers\\interactionControllers.js": {"path":"C:\\Users\\HP\\Documents\\Noveno Semestre\\Arqitectura de software\\FinBank\\backend\\src\\services\\interactions\\src\\controllers\\interactionControllers.js","statementMap":{"0":{"start":{"line":5,"column":16},"end":{"line":17,"column":44}},"1":{"start":{"line":18,"column":2},"end":{"line":24,"column":3}},"2":{"start":{"line":19,"column":21},"end":{"line":19,"column":44}},"3":{"start":{"line":20,"column":4},"end":{"line":20,"column":19}},"4":{"start":{"line":22,"column":4},"end":{"line":22,"column":57}},"5":{"start":{"line":23,"column":4},"end":{"line":23,"column":61}},"6":{"start":{"line":29,"column":19},"end":{"line":29,"column":22}},"7":{"start":{"line":30,"column":2},"end":{"line":59,"column":3}},"8":{"start":{"line":31,"column":18},"end":{"line":41,"column":5}},"9":{"start":{"line":42,"column":21},"end":{"line":42,"column":44}},"10":{"start":{"line":45,"column":4},"end":{"line":50,"column":7}},"11":{"start":{"line":52,"column":4},"end":{"line":52,"column":70}},"12":{"start":{"line":54,"column":4},"end":{"line":54,"column":56}},"13":{"start":{"line":55,"column":4},"end":{"line":58,"column":7}},"14":{"start":{"line":64,"column":19},"end":{"line":64,"column":22}},"15":{"start":{"line":66,"column":2},"end":{"line":103,"column":3}},"16":{"start":{"line":67,"column":18},"end":{"line":83,"column":5}},"17":{"start":{"line":84,"column":21},"end":{"line":84,"column":44}},"18":{"start":{"line":87,"column":4},"end":{"line":92,"column":7}},"19":{"start":{"line":94,"column":4},"end":{"line":96,"column":7}},"20":{"start":{"line":98,"column":4},"end":{"line":98,"column":54}},"21":{"start":{"line":99,"column":4},"end":{"line":102,"column":7}}},"fnMap":{"0":{"name":"read","decl":{"start":{"line":4,"column":22},"end":{"line":4,"column":26}},"loc":{"start":{"line":4,"column":37},"end":{"line":25,"column":1}},"line":4},"1":{"name":"createInteraction","decl":{"start":{"line":28,"column":22},"end":{"line":28,"column":39}},"loc":{"start":{"line":28,"column":50},"end":{"line":60,"column":1}},"line":28},"2":{"name":"updateInteraction","decl":{"start":{"line":63,"column":22},"end":{"line":63,"column":39}},"loc":{"start":{"line":63,"column":50},"end":{"line":104,"column":1}},"line":63}},"branchMap":{},"s":{"0":0,"1":0,"2":0,"3":0,"4":0,"5":0,"6":1,"7":1,"8":1,"9":1,"10":1,"11":1,"12":0,"13":0,"14":0,"15":0,"16":0,"17":0,"18":0,"19":0,"20":0,"21":0},"f":{"0":0,"1":1,"2":0},"b":{},"_coverageSchema":"1a1c01bbd47fc00a2c39e90264f33305004495a9","hash":"29503bdd9bb58b26e7a5ae1d4a56403a2a41c122"}
,"C:\\Users\\HP\\Documents\\Noveno Semestre\\Arqitectura de software\\FinBank\\backend\\src\\services\\transactions\\src\\controllers\\transactionControllers.js": {"path":"C:\\Users\\HP\\Documents\\Noveno Semestre\\Arqitectura de software\\FinBank\\backend\\src\\services\\transactions\\src\\controllers\\transactionControllers.js","statementMap":{"0":{"start":{"line":5,"column":2},"end":{"line":25,"column":3}},"1":{"start":{"line":6,"column":21},"end":{"line":19,"column":56}},"2":{"start":{"line":21,"column":4},"end":{"line":21,"column":31}},"3":{"start":{"line":23,"column":4},"end":{"line":23,"column":23}},"4":{"start":{"line":24,"column":4},"end":{"line":24,"column":56}},"5":{"start":{"line":30,"column":19},"end":{"line":30,"column":22}},"6":{"start":{"line":31,"column":2},"end":{"line":58,"column":3}},"7":{"start":{"line":32,"column":18},"end":{"line":40,"column":5}},"8":{"start":{"line":41,"column":21},"end":{"line":41,"column":44}},"9":{"start":{"line":44,"column":4},"end":{"line":49,"column":7}},"10":{"start":{"line":51,"column":4},"end":{"line":51,"column":70}},"11":{"start":{"line":53,"column":4},"end":{"line":53,"column":56}},"12":{"start":{"line":54,"column":4},"end":{"line":57,"column":7}}},"fnMap":{"0":{"name":"read","decl":{"start":{"line":4,"column":22},"end":{"line":4,"column":26}},"loc":{"start":{"line":4,"column":37},"end":{"line":26,"column":1}},"line":4},"1":{"name":"createTransaction","decl":{"start":{"line":29,"column":22},"end":{"line":29,"column":39}},"loc":{"start":{"line":29,"column":50},"end":{"line":59,"column":1}},"line":29}},"branchMap":{},"s":{"0":0,"1":0,"2":0,"3":0,"4":0,"5":3,"6":3,"7":3,"8":3,"9":3,"10":3,"11":0,"12":0},"f":{"0":0,"1":3},"b":{},"_coverageSchema":"1a1c01bbd47fc00a2c39e90264f33305004495a9","hash":"d13cc9b0b0005a650586a654dc754ea90d7990f1"}
}
