{"C:\\Users\\HP\\Documents\\Noveno Semestre\\Arqitectura de software\\FinBank\\backend\\src\\config\\db.js": {"path":"C:\\Users\\HP\\Documents\\Noveno Semestre\\Arqitectura de software\\FinBank\\backend\\src\\config\\db.js","statementMap":{"0":{"start":{"line":4,"column":0},"end":{"line":4,"column":16}},"1":{"start":{"line":6,"column":20},"end":{"line":12,"column":2}}},"fnMap":{},"branchMap":{},"s":{"0":1,"1":1},"f":{},"b":{},"_coverageSchema":"1a1c01bbd47fc00a2c39e90264f33305004495a9","hash":"6cbbe25f75d250677a9412059e688c96543f5e52"}
}
