TN:
SF:src\services\accounts\src\controllers\accountControllers.js
FN:3,read
FN:26,getAccountTransactions
FNF:2
FNH:1
FNDA:3,read
FNDA:0,getAccountTransactions
DA:4,3
DA:16,3
DA:17,3
DA:18,3
DA:20,0
DA:21,0
DA:27,0
DA:28,0
DA:35,0
DA:36,0
DA:37,0
DA:38,0
DA:43,0
DA:45,0
DA:46,0
LF:15
LH:4
BRDA:37,0,0,0
BRDA:37,0,1,0
BRF:2
BRH:0
end_of_record
TN:
SF:src\services\customers\src\controllers\customerControllers.js
FN:4,read
FN:28,createCustomer
FN:87,updateCustomer
FNF:3
FNH:1
FNDA:0,read
FNDA:4,createCustomer
FNDA:0,updateCustomer
DA:5,0
DA:6,0
DA:19,0
DA:20,0
DA:22,0
DA:23,0
DA:29,4
DA:30,4
DA:32,4
DA:37,4
DA:38,1
DA:44,3
DA:49,3
DA:50,0
DA:53,3
DA:66,3
DA:69,3
DA:76,3
DA:78,0
DA:79,0
DA:88,0
DA:90,0
DA:91,0
DA:112,0
DA:115,0
DA:122,0
DA:124,0
DA:125,0
LF:28
LH:11
BRDA:37,0,0,1
BRDA:37,0,1,3
BRDA:49,1,0,0
BRDA:49,1,1,3
BRF:4
BRH:3
end_of_record
TN:
SF:src\services\interactions\src\controllers\interactionControllers.js
FN:4,read
FN:28,createInteraction
FN:63,updateInteraction
FNF:3
FNH:1
FNDA:0,read
FNDA:1,createInteraction
FNDA:0,updateInteraction
DA:5,0
DA:18,0
DA:19,0
DA:20,0
DA:22,0
DA:23,0
DA:29,1
DA:30,1
DA:31,1
DA:42,1
DA:45,1
DA:52,1
DA:54,0
DA:55,0
DA:64,0
DA:66,0
DA:67,0
DA:84,0
DA:87,0
DA:94,0
DA:98,0
DA:99,0
LF:22
LH:6
BRF:0
BRH:0
end_of_record
TN:
SF:src\services\transactions\src\controllers\transactionControllers.js
FN:4,read
FN:29,createTransaction
FNF:2
FNH:1
FNDA:0,read
FNDA:3,createTransaction
DA:5,0
DA:6,0
DA:21,0
DA:23,0
DA:24,0
DA:30,3
DA:31,3
DA:32,3
DA:41,3
DA:44,3
DA:51,3
DA:53,0
DA:54,0
LF:13
LH:6
BRF:0
BRH:0
end_of_record
