TN:
SF:src\services\accounts\src\controllers\accountControllers.js
FN:3,read
FN:26,getAccountTransactions
FNF:2
FNH:1
FNDA:1,read
FNDA:0,getAccountTransactions
DA:4,1
DA:16,1
DA:17,1
DA:18,1
DA:20,0
DA:21,0
DA:27,0
DA:28,0
DA:35,0
DA:36,0
DA:37,0
DA:38,0
DA:43,0
DA:45,0
DA:46,0
LF:15
LH:4
BRDA:37,0,0,0
BRDA:37,0,1,0
BRF:2
BRH:0
end_of_record
TN:
SF:src\services\customers\src\controllers\customerControllers.js
FN:4,read
FN:28,createCustomer
FN:87,updateCustomer
FNF:3
FNH:1
FNDA:0,read
FNDA:1,createCustomer
FNDA:0,updateCustomer
DA:5,0
DA:6,0
DA:19,0
DA:20,0
DA:22,0
DA:23,0
DA:29,1
DA:30,1
DA:32,1
DA:37,1
DA:38,0
DA:44,1
DA:49,1
DA:50,0
DA:53,1
DA:66,1
DA:69,1
DA:76,1
DA:78,0
DA:79,0
DA:88,0
DA:90,0
DA:91,0
DA:112,0
DA:115,0
DA:122,0
DA:124,0
DA:125,0
LF:28
LH:10
BRDA:37,0,0,0
BRDA:37,0,1,1
BRDA:49,1,0,0
BRDA:49,1,1,1
BRDA:70,2,0,1
BRDA:70,2,1,1
BRDA:116,3,0,0
BRDA:116,3,1,0
BRF:8
BRH:4
end_of_record
TN:
SF:src\services\interactions\src\controllers\interactionControllers.js
FN:4,read
FN:27,createInteraction
FN:62,updateInteraction
FNF:3
FNH:1
FNDA:0,read
FNDA:1,createInteraction
FNDA:0,updateInteraction
DA:5,0
DA:17,0
DA:18,0
DA:19,0
DA:21,0
DA:22,0
DA:28,1
DA:29,1
DA:30,1
DA:41,1
DA:44,1
DA:51,1
DA:53,0
DA:54,0
DA:63,0
DA:65,0
DA:66,0
DA:83,0
DA:86,0
DA:93,0
DA:97,0
DA:98,0
LF:22
LH:6
BRDA:45,0,0,1
BRDA:45,0,1,1
BRDA:87,1,0,0
BRDA:87,1,1,0
BRF:4
BRH:2
end_of_record
TN:
SF:src\services\transactions\src\controllers\transactionControllers.js
FN:4,read
FN:29,createTransaction
FNF:2
FNH:1
FNDA:0,read
FNDA:1,createTransaction
DA:5,0
DA:6,0
DA:21,0
DA:23,0
DA:24,0
DA:30,1
DA:31,1
DA:32,1
DA:41,1
DA:44,1
DA:51,1
DA:53,0
DA:54,0
LF:13
LH:6
BRDA:45,0,0,1
BRDA:45,0,1,1
BRF:2
BRH:2
end_of_record
